Performing C SOURCE FILE Test CMAKE_HAVE_LIBC_PTHREAD failed with the following output:
Change Dir: /home/fjg/work/catkin_dio/catkin_dio/build/CMakeFiles/CMakeScratch/TryCompile-pTiOxZ

Run Build Command(s):/usr/bin/make -f Makefile cmTC_ff47c/fast && /usr/bin/make  -f CMakeFiles/cmTC_ff47c.dir/build.make CMakeFiles/cmTC_ff47c.dir/build
make[1]: 进入目录“/home/fjg/work/catkin_dio/catkin_dio/build/CMakeFiles/CMakeScratch/TryCompile-pTiOxZ”
Building C object CMakeFiles/cmTC_ff47c.dir/src.c.o
/usr/bin/cc -DCMAKE_HAVE_LIBC_PTHREAD   -o CMakeFiles/cmTC_ff47c.dir/src.c.o -c /home/fjg/work/catkin_dio/catkin_dio/build/CMakeFiles/CMakeScratch/TryCompile-pTiOxZ/src.c
Linking C executable cmTC_ff47c
/usr/local/bin/cmake -E cmake_link_script CMakeFiles/cmTC_ff47c.dir/link.txt --verbose=1
/usr/bin/cc -rdynamic CMakeFiles/cmTC_ff47c.dir/src.c.o -o cmTC_ff47c 
/usr/bin/ld: CMakeFiles/cmTC_ff47c.dir/src.c.o: in function `main':
src.c:(.text+0x46): undefined reference to `pthread_create'
/usr/bin/ld: src.c:(.text+0x52): undefined reference to `pthread_detach'
/usr/bin/ld: src.c:(.text+0x5e): undefined reference to `pthread_cancel'
/usr/bin/ld: src.c:(.text+0x6f): undefined reference to `pthread_join'
collect2: error: ld returned 1 exit status
make[1]: *** [CMakeFiles/cmTC_ff47c.dir/build.make:99：cmTC_ff47c] 错误 1
make[1]: 离开目录“/home/fjg/work/catkin_dio/catkin_dio/build/CMakeFiles/CMakeScratch/TryCompile-pTiOxZ”
make: *** [Makefile:127：cmTC_ff47c/fast] 错误 2


Source file was:
#include <pthread.h>

static void* test_func(void* data)
{
  return data;
}

int main(void)
{
  pthread_t thread;
  pthread_create(&thread, NULL, test_func, NULL);
  pthread_detach(thread);
  pthread_cancel(thread);
  pthread_join(thread, NULL);
  pthread_atfork(NULL, NULL, NULL);
  pthread_exit(NULL);

  return 0;
}


Determining if the function pthread_create exists in the pthreads failed with the following output:
Change Dir: /home/fjg/work/catkin_dio/catkin_dio/build/CMakeFiles/CMakeScratch/TryCompile-Ocv9d3

Run Build Command(s):/usr/bin/make -f Makefile cmTC_9908e/fast && /usr/bin/make  -f CMakeFiles/cmTC_9908e.dir/build.make CMakeFiles/cmTC_9908e.dir/build
make[1]: 进入目录“/home/fjg/work/catkin_dio/catkin_dio/build/CMakeFiles/CMakeScratch/TryCompile-Ocv9d3”
Building C object CMakeFiles/cmTC_9908e.dir/CheckFunctionExists.c.o
/usr/bin/cc   -DCHECK_FUNCTION_EXISTS=pthread_create -o CMakeFiles/cmTC_9908e.dir/CheckFunctionExists.c.o -c /home/fjg/work/catkin_dio/catkin_dio/build/CMakeFiles/CMakeScratch/TryCompile-Ocv9d3/CheckFunctionExists.c
Linking C executable cmTC_9908e
/usr/local/bin/cmake -E cmake_link_script CMakeFiles/cmTC_9908e.dir/link.txt --verbose=1
/usr/bin/cc  -DCHECK_FUNCTION_EXISTS=pthread_create -rdynamic CMakeFiles/cmTC_9908e.dir/CheckFunctionExists.c.o -o cmTC_9908e  -lpthreads 
/usr/bin/ld: 找不到 -lpthreads
collect2: error: ld returned 1 exit status
make[1]: *** [CMakeFiles/cmTC_9908e.dir/build.make:99：cmTC_9908e] 错误 1
make[1]: 离开目录“/home/fjg/work/catkin_dio/catkin_dio/build/CMakeFiles/CMakeScratch/TryCompile-Ocv9d3”
make: *** [Makefile:127：cmTC_9908e/fast] 错误 2



